Drill report for board.kicad_pcb
Created on 2025-07-18T01:50:13-0400

Copper Layer Stackup:
    =============================================================
    L1 :  F.Cu                      front
    L2 :  In1.Cu                    in1
    L3 :  In2.Cu                    in2
    L4 :  B.Cu                      back


Drill file 'board-PTH.drl' contains
    plated through holes:
    =============================================================
    T1  0.200mm  0.0079"  (124 holes)
    T2  0.600mm  0.0236"  (4 holes)  (with 4 slots)
    T3  0.750mm  0.0295"  (2 holes)
    T4  1.000mm  0.0394"  (2 holes)
    T5  3.050mm  0.1201"  (4 holes)

    Total plated holes count 136


Drill file 'board-NPTH.drl' contains
    unplated through holes:
    =============================================================
    T1  0.900mm  0.0354"  (2 holes)
    T2  1.750mm  0.0689"  (4 holes)
    T3  4.000mm  0.1575"  (2 holes)

    Total unplated holes count 8
